Creating terraform plugin!
{
  issuer: {
    country: '',
    state: '',
    locality: '',
    organization: 'HashiCorp',
    organizationUnit: '',
    commonName: 'localhost',
    dc: ''
  },
  serial: '20:2b:21:82:76:32:97:95:73:c6:10:76:f4:5d:8d:41',
  country: '',
  state: '',
  locality: '',
  organization: 'HashiCorp',
  organizationUnit: '',
  commonName: 'localhost',
  emailAddress: '',
  dc: '',
  san: { dns: [ 'localhost' ], ip: [], email: [] },
  validity: { start: 1583309888000, end: 2530037918000 },
  signatureAlgorithm: 'ecdsa-with-SHA512',
  publicKeySize: '521 bit',
  publicKeyAlgorithm: 'id-ecPublicKey'
} {
  issuer: {
    country: '',
    state: '',
    locality: '',
    organization: '',
    organizationUnit: '',
    commonName: 'localhost',
    dc: ''
  },
  serial: '3c:53:37:9a:6b:10:96:9c:bb:1d:0c:5b:d0:23:dc:95:71:ff:d0:0e',
  country: '',
  state: '',
  locality: '',
  organization: '',
  organizationUnit: '',
  commonName: 'localhost',
  emailAddress: '',
  dc: '',
  san: { dns: [ 'localhost' ], ip: [], email: [] },
  validity: { start: 1583309918000, end: 1614845918000 },
  signatureAlgorithm: 'sha256WithRSAEncryption',
  publicKeySize: '2048 bit',
  publicKeyAlgorithm: 'rsaEncryption'
} -----BEGIN RSA PRIVATE KEY-----
MIIEpAIBAAKCAQEA0fTELuW2W6lAeib1+rUL35G3fR8648s24XVZCD7Wnk+AYaO9
SAyCa7qu6xRinLIFPHw9fTHND4OhUN9Bwg1ih4qJqJ/MiisiuzEMXJFBSLNKyYgn
5XZHS8wi+CUY/P0jNGvbDdAueaD+3WeTk5afCKayFxulnkVuXiiZerV9beQYmwtz
hqqYHkbngenKVFcjDRgdaeKLNtao9c5pdYO0w2w97HybUhllPAQ+CVVN3106/MtL
F0ZcQBxBYwsTLrDlmL2+O9IXQJu/24ATq2UmNKuy96pEXlwm6LApeh23vS+V+i15
m5fbf1eN2wMZyYK2K8Z2XbiXHkc1mUNqZnyaVwIDAQABAoIBAH/Hpfac26VhltpB
CAezVCyW9MNz1FV7AkWpM6xvAhOLcyj5jGNjKaUDEx4DZBjVx5YOTyX4v0Kn6+/a
UJ0XpFW1nR5BUyzsH9Epgsp7pO3oIKYS9aUTnUSmUsoPWevu7BQlaEY5428m6rY5
KXnze4q6WTzzGJMA0rD/qJkkB9hulbpQrlWKpGo0Fc0wVnUyIfsJIOO9e15nI6Hx
o0YM5JZ6+tcn8PAaReVdWgwaFbCTUuvqMzmQn9FqwCV5y9EBq0f9ZcCDWZP7tuHC
mmpAW2OhOpa0Nw+C3Pj89smAUjmvQykM51svyloZmlWrbTbcjkakD9At/J6pXmoH
kFZJBNECgYEA7Z9mKsA1i4thaq1bjEtfa60igq0Z/EdL9GEag3tmI8Ul837p/KzC
kQbv6xO2N+YV2zJlWnyb+zG0P5r7X+pYjCAGEUTCUjvA7SsSvoIctBPzqbbM5d/n
KRhhH+oj7FhEQ/fxMvR5pZcqqHJAJVDaBU05Olyzh3A09yGDBhg+qfMCgYEA4jGb
pxWMzA09HDA1PFf1zxbfpDseY7Ps6vmxXJoVfPJQS3eHZmIA5p4JP/b+fRk/jA5Z
DrUcIMiB5rHhTPEAHy7M0bQ25RoUBGvlVzw82AZSqgt8LAj9amLxAsTUZz4+8f0z
/mht+uXaLKTjvywGqQS9Bab/gr4xr85LwZpXYw0CgYEAztB9S5gfAmU9VGut0l2H
n2ABOVsP0tL6+KfLO8SbEWb1sQg0/wYeEbvH9QIjBmPrgexK6oap++c2ymVJhCGj
D9KPdVgzCP+Y2tMybT0xXko/OOcxTqGhv9LINc7DlWD9iWqzM3Y0qjr3lcRasB++
of6kYHduieLPNoikURmo8KECgYEAhi7jpaT1F3+rBvPaQOf1XFq3ZRflGUR9gY+K
leKaaLrew0YvPp9Y5XZPCnEd21yFBDLmxgDOpOwNk6tmelxltBnxS13bSuHDijPv
o2aKuaRWmaWijgTvQJNdYkUds/mLIccRdxTAWZzNZrqSmLAna1DySU4eOZNWqnJ5
ImrK+GkCgYB5XZVEZf/BAcBLSRJs78Yj4e/A2UA708qQckkGKXrcNszn1GmpDgFK
s47oHL+RyMXK1fidlkMRyvXJ9Wew5pJMo+zr877WEhYKkmSFF0mm/RBCF2Sy8fW2
NurQIN0oMgxGmYFSRh7rSX6d32S/g7PVSI8/AkCh1JBOh5WatosMxg==
-----END RSA PRIVATE KEY----- -----BEGIN RSA PRIVATE KEY-----
MIIEpAIBAAKCAQEA0fTELuW2W6lAeib1+rUL35G3fR8648s24XVZCD7Wnk+AYaO9
SAyCa7qu6xRinLIFPHw9fTHND4OhUN9Bwg1ih4qJqJ/MiisiuzEMXJFBSLNKyYgn
5XZHS8wi+CUY/P0jNGvbDdAueaD+3WeTk5afCKayFxulnkVuXiiZerV9beQYmwtz
hqqYHkbngenKVFcjDRgdaeKLNtao9c5pdYO0w2w97HybUhllPAQ+CVVN3106/MtL
F0ZcQBxBYwsTLrDlmL2+O9IXQJu/24ATq2UmNKuy96pEXlwm6LApeh23vS+V+i15
m5fbf1eN2wMZyYK2K8Z2XbiXHkc1mUNqZnyaVwIDAQABAoIBAH/Hpfac26VhltpB
CAezVCyW9MNz1FV7AkWpM6xvAhOLcyj5jGNjKaUDEx4DZBjVx5YOTyX4v0Kn6+/a
UJ0XpFW1nR5BUyzsH9Epgsp7pO3oIKYS9aUTnUSmUsoPWevu7BQlaEY5428m6rY5
KXnze4q6WTzzGJMA0rD/qJkkB9hulbpQrlWKpGo0Fc0wVnUyIfsJIOO9e15nI6Hx
o0YM5JZ6+tcn8PAaReVdWgwaFbCTUuvqMzmQn9FqwCV5y9EBq0f9ZcCDWZP7tuHC
mmpAW2OhOpa0Nw+C3Pj89smAUjmvQykM51svyloZmlWrbTbcjkakD9At/J6pXmoH
kFZJBNECgYEA7Z9mKsA1i4thaq1bjEtfa60igq0Z/EdL9GEag3tmI8Ul837p/KzC
kQbv6xO2N+YV2zJlWnyb+zG0P5r7X+pYjCAGEUTCUjvA7SsSvoIctBPzqbbM5d/n
KRhhH+oj7FhEQ/fxMvR5pZcqqHJAJVDaBU05Olyzh3A09yGDBhg+qfMCgYEA4jGb
pxWMzA09HDA1PFf1zxbfpDseY7Ps6vmxXJoVfPJQS3eHZmIA5p4JP/b+fRk/jA5Z
DrUcIMiB5rHhTPEAHy7M0bQ25RoUBGvlVzw82AZSqgt8LAj9amLxAsTUZz4+8f0z
/mht+uXaLKTjvywGqQS9Bab/gr4xr85LwZpXYw0CgYEAztB9S5gfAmU9VGut0l2H
n2ABOVsP0tL6+KfLO8SbEWb1sQg0/wYeEbvH9QIjBmPrgexK6oap++c2ymVJhCGj
D9KPdVgzCP+Y2tMybT0xXko/OOcxTqGhv9LINc7DlWD9iWqzM3Y0qjr3lcRasB++
of6kYHduieLPNoikURmo8KECgYEAhi7jpaT1F3+rBvPaQOf1XFq3ZRflGUR9gY+K
leKaaLrew0YvPp9Y5XZPCnEd21yFBDLmxgDOpOwNk6tmelxltBnxS13bSuHDijPv
o2aKuaRWmaWijgTvQJNdYkUds/mLIccRdxTAWZzNZrqSmLAna1DySU4eOZNWqnJ5
ImrK+GkCgYB5XZVEZf/BAcBLSRJs78Yj4e/A2UA708qQckkGKXrcNszn1GmpDgFK
s47oHL+RyMXK1fidlkMRyvXJ9Wew5pJMo+zr877WEhYKkmSFF0mm/RBCF2Sy8fW2
NurQIN0oMgxGmYFSRh7rSX6d32S/g7PVSI8/AkCh1JBOh5WatosMxg==
-----END RSA PRIVATE KEY-----
